[debug] [2024-05-09T15:38:59.060Z] ----------------------------------------------------------------------
[debug] [2024-05-09T15:38:59.067Z] Command:       C:\Program Files\nodejs\node.exe C:\Users\julie\AppData\Roaming\npm\node_modules\firebase-tools\lib\bin\firebase.js deploy
[debug] [2024-05-09T15:38:59.068Z] CLI Version:   13.8.1
[debug] [2024-05-09T15:38:59.068Z] Platform:      win32
[debug] [2024-05-09T15:38:59.069Z] Node Version:  v20.10.0
[debug] [2024-05-09T15:38:59.070Z] Time:          Thu May 09 2024 17:38:59 GMT+0200 (heure d’été d’Europe centrale)
[debug] [2024-05-09T15:38:59.070Z] ----------------------------------------------------------------------
[debug] 
[debug] [2024-05-09T15:38:59.204Z] > command requires scopes: ["email","openid","https://www.googleapis.com/auth/cloudplatformprojects.readonly","https://www.googleapis.com/auth/firebase","https://www.googleapis.com/auth/cloud-platform"]
[debug] [2024-05-09T15:38:59.205Z] > authorizing via signed-in user (juliengrange.dev@gmail.com)
[debug] [2024-05-09T15:38:59.205Z] [iam] checking project picturescope-api for permissions ["cloudfunctions.functions.create","cloudfunctions.functions.delete","cloudfunctions.functions.get","cloudfunctions.functions.list","cloudfunctions.functions.update","cloudfunctions.operations.get","firebase.projects.get","firebasehosting.sites.update"]
[debug] [2024-05-09T15:38:59.208Z] >>> [apiv2][query] POST https://cloudresourcemanager.googleapis.com/v1/projects/picturescope-api:testIamPermissions [none]
[debug] [2024-05-09T15:38:59.209Z] >>> [apiv2][(partial)header] POST https://cloudresourcemanager.googleapis.com/v1/projects/picturescope-api:testIamPermissions x-goog-quota-user=projects/picturescope-api
[debug] [2024-05-09T15:38:59.209Z] >>> [apiv2][body] POST https://cloudresourcemanager.googleapis.com/v1/projects/picturescope-api:testIamPermissions {"permissions":["cloudfunctions.functions.create","cloudfunctions.functions.delete","cloudfunctions.functions.get","cloudfunctions.functions.list","cloudfunctions.functions.update","cloudfunctions.operations.get","firebase.projects.get","firebasehosting.sites.update"]}
[debug] [2024-05-09T15:38:59.952Z] <<< [apiv2][status] POST https://cloudresourcemanager.googleapis.com/v1/projects/picturescope-api:testIamPermissions 200
[debug] [2024-05-09T15:38:59.953Z] <<< [apiv2][body] POST https://cloudresourcemanager.googleapis.com/v1/projects/picturescope-api:testIamPermissions {"permissions":["cloudfunctions.functions.create","cloudfunctions.functions.delete","cloudfunctions.functions.get","cloudfunctions.functions.list","cloudfunctions.functions.update","cloudfunctions.operations.get","firebase.projects.get","firebasehosting.sites.update"]}
[debug] [2024-05-09T15:38:59.953Z] >>> [apiv2][query] POST https://iam.googleapis.com/v1/projects/picturescope-api/serviceAccounts/picturescope-api@appspot.gserviceaccount.com:testIamPermissions [none]
[debug] [2024-05-09T15:38:59.954Z] >>> [apiv2][body] POST https://iam.googleapis.com/v1/projects/picturescope-api/serviceAccounts/picturescope-api@appspot.gserviceaccount.com:testIamPermissions {"permissions":["iam.serviceAccounts.actAs"]}
[debug] [2024-05-09T15:39:00.620Z] <<< [apiv2][status] POST https://iam.googleapis.com/v1/projects/picturescope-api/serviceAccounts/picturescope-api@appspot.gserviceaccount.com:testIamPermissions 200
[debug] [2024-05-09T15:39:00.621Z] <<< [apiv2][body] POST https://iam.googleapis.com/v1/projects/picturescope-api/serviceAccounts/picturescope-api@appspot.gserviceaccount.com:testIamPermissions {"permissions":["iam.serviceAccounts.actAs"]}
[debug] [2024-05-09T15:39:00.622Z] >>> [apiv2][query] GET https://firebase.googleapis.com/v1beta1/projects/picturescope-api [none]
[debug] [2024-05-09T15:39:00.880Z] <<< [apiv2][status] GET https://firebase.googleapis.com/v1beta1/projects/picturescope-api 200
[debug] [2024-05-09T15:39:00.880Z] <<< [apiv2][body] GET https://firebase.googleapis.com/v1beta1/projects/picturescope-api {"projectId":"picturescope-api","projectNumber":"437267680366","displayName":"picturescope-api","name":"projects/picturescope-api","resources":{"hostingSite":"picturescope-api"},"state":"ACTIVE","etag":"1_9d7c3f97-a2b6-4139-b900-15a495f5bfee"}
[info] 
[info] === Deploying to 'picturescope-api'...
[info] 
[info] i  deploying functions, hosting 
[debug] [2024-05-09T15:39:00.893Z] >>> [apiv2][query] GET https://firebase.googleapis.com/v1beta1/projects/picturescope-api [none]
[debug] [2024-05-09T15:39:01.127Z] <<< [apiv2][status] GET https://firebase.googleapis.com/v1beta1/projects/picturescope-api 200
[debug] [2024-05-09T15:39:01.127Z] <<< [apiv2][body] GET https://firebase.googleapis.com/v1beta1/projects/picturescope-api {"projectId":"picturescope-api","projectNumber":"437267680366","displayName":"picturescope-api","name":"projects/picturescope-api","resources":{"hostingSite":"picturescope-api"},"state":"ACTIVE","etag":"1_9d7c3f97-a2b6-4139-b900-15a495f5bfee"}
[info] i  functions: preparing codebase default for deployment 
[info] i  functions: ensuring required API cloudfunctions.googleapis.com is enabled... 
[info] i  functions: ensuring required API cloudbuild.googleapis.com is enabled... 
[info] i  artifactregistry: ensuring required API artifactregistry.googleapis.com is enabled... 
[debug] [2024-05-09T15:39:01.131Z] >>> [apiv2][query] GET https://serviceusage.googleapis.com/v1/projects/picturescope-api/services/cloudfunctions.googleapis.com [none]
[debug] [2024-05-09T15:39:01.132Z] >>> [apiv2][(partial)header] GET https://serviceusage.googleapis.com/v1/projects/picturescope-api/services/cloudfunctions.googleapis.com x-goog-quota-user=projects/picturescope-api
[debug] [2024-05-09T15:39:01.136Z] >>> [apiv2][query] GET https://serviceusage.googleapis.com/v1/projects/picturescope-api/services/runtimeconfig.googleapis.com [none]
[debug] [2024-05-09T15:39:01.136Z] >>> [apiv2][(partial)header] GET https://serviceusage.googleapis.com/v1/projects/picturescope-api/services/runtimeconfig.googleapis.com x-goog-quota-user=projects/picturescope-api
[debug] [2024-05-09T15:39:01.138Z] >>> [apiv2][query] GET https://serviceusage.googleapis.com/v1/projects/picturescope-api/services/cloudbuild.googleapis.com [none]
[debug] [2024-05-09T15:39:01.138Z] >>> [apiv2][(partial)header] GET https://serviceusage.googleapis.com/v1/projects/picturescope-api/services/cloudbuild.googleapis.com x-goog-quota-user=projects/picturescope-api
[debug] [2024-05-09T15:39:01.140Z] >>> [apiv2][query] GET https://serviceusage.googleapis.com/v1/projects/picturescope-api/services/artifactregistry.googleapis.com [none]
[debug] [2024-05-09T15:39:01.141Z] >>> [apiv2][(partial)header] GET https://serviceusage.googleapis.com/v1/projects/picturescope-api/services/artifactregistry.googleapis.com x-goog-quota-user=projects/picturescope-api
[debug] [2024-05-09T15:39:02.007Z] <<< [apiv2][status] GET https://serviceusage.googleapis.com/v1/projects/picturescope-api/services/runtimeconfig.googleapis.com 200
[debug] [2024-05-09T15:39:02.007Z] <<< [apiv2][body] GET https://serviceusage.googleapis.com/v1/projects/picturescope-api/services/runtimeconfig.googleapis.com [omitted]
[debug] [2024-05-09T15:39:02.012Z] <<< [apiv2][status] GET https://serviceusage.googleapis.com/v1/projects/picturescope-api/services/cloudbuild.googleapis.com 200
[debug] [2024-05-09T15:39:02.013Z] <<< [apiv2][body] GET https://serviceusage.googleapis.com/v1/projects/picturescope-api/services/cloudbuild.googleapis.com [omitted]
[info] +  functions: required API cloudbuild.googleapis.com is enabled 
[debug] [2024-05-09T15:39:02.022Z] <<< [apiv2][status] GET https://serviceusage.googleapis.com/v1/projects/picturescope-api/services/cloudfunctions.googleapis.com 200
[debug] [2024-05-09T15:39:02.023Z] <<< [apiv2][body] GET https://serviceusage.googleapis.com/v1/projects/picturescope-api/services/cloudfunctions.googleapis.com [omitted]
[info] +  functions: required API cloudfunctions.googleapis.com is enabled 
[debug] [2024-05-09T15:39:02.036Z] <<< [apiv2][status] GET https://serviceusage.googleapis.com/v1/projects/picturescope-api/services/artifactregistry.googleapis.com 200
[debug] [2024-05-09T15:39:02.036Z] <<< [apiv2][body] GET https://serviceusage.googleapis.com/v1/projects/picturescope-api/services/artifactregistry.googleapis.com [omitted]
[info] +  artifactregistry: required API artifactregistry.googleapis.com is enabled 
[debug] [2024-05-09T15:39:02.039Z] >>> [apiv2][query] GET https://firebase.googleapis.com/v1beta1/projects/picturescope-api/adminSdkConfig [none]
[debug] [2024-05-09T15:39:02.272Z] <<< [apiv2][status] GET https://firebase.googleapis.com/v1beta1/projects/picturescope-api/adminSdkConfig 200
[debug] [2024-05-09T15:39:02.272Z] <<< [apiv2][body] GET https://firebase.googleapis.com/v1beta1/projects/picturescope-api/adminSdkConfig {"projectId":"picturescope-api","storageBucket":"picturescope-api.appspot.com"}
[debug] [2024-05-09T15:39:02.273Z] >>> [apiv2][query] GET https://runtimeconfig.googleapis.com/v1beta1/projects/picturescope-api/configs [none]
[debug] [2024-05-09T15:39:02.519Z] <<< [apiv2][status] GET https://runtimeconfig.googleapis.com/v1beta1/projects/picturescope-api/configs 200
[debug] [2024-05-09T15:39:02.520Z] <<< [apiv2][body] GET https://runtimeconfig.googleapis.com/v1beta1/projects/picturescope-api/configs {}
[debug] [2024-05-09T15:39:02.522Z] Validating nodejs source
[debug] [2024-05-09T15:39:05.942Z] > [functions] package.json contents: {
  "name": "picturescope-api",
  "version": "0.0.0",
  "private": true,
  "main": "index.js",
  "scripts": {
    "start": "node ./index.js",
    "devstart": "nodemon ./index.js",
    "deploy": "firebase deploy --only functions:api"
  },
  "dependencies": {
    "cookie-parser": "~1.4.4",
    "cors": "^2.8.5",
    "debug": "~2.6.9",
    "express": "~4.16.1",
    "firebase": "^10.11.1",
    "firebase-functions": "^5.0.1",
    "http-errors": "~1.6.3",
    "morgan": "~1.9.1",
    "pug": "2.0.0-beta11",
    "uuid": "^8.3.2"
  },
  "devDependencies": {
    "nodemon": "^2.0.7"
  },
  "engines": {
    "node": "18"
  }
}
[debug] [2024-05-09T15:39:05.943Z] Building nodejs source
[info] i  functions: Loading and analyzing source code for codebase default to determine what to deploy 
[debug] [2024-05-09T15:39:05.945Z] Could not find functions.yaml. Must use http discovery
[debug] [2024-05-09T15:39:05.963Z] Found firebase-functions binary at 'C:\Users\Public\Documents\Bascule\Mes_codes\Portfolio\picturescope_API\functions\node_modules\.bin\firebase-functions'
[info] Serving at port 8469

[error] Port 8469 is already in use

[debug] [2024-05-09T15:39:08.108Z] Failed to call quitquitquit. This often means the server failed to start request to http://localhost:8469/__/quitquitquit failed, reason:  {"message":"request to http://localhost:8469/__/quitquitquit failed, reason: ","type":"system","errno":"ECONNREFUSED","code":"ECONNREFUSED"}
[debug] [2024-05-09T15:39:08.205Z] FetchError: request to http://127.0.0.1:8469/__/functions.yaml failed, reason: read ECONNRESET
    at ClientRequest.<anonymous> (C:\Users\julie\AppData\Roaming\npm\node_modules\firebase-tools\node_modules\node-fetch\lib\index.js:1501:11)
    at ClientRequest.emit (node:events:514:28)
    at ClientRequest.emit (node:domain:488:12)
    at Socket.socketErrorListener (node:_http_client:495:9)
    at Socket.emit (node:events:514:28)
    at Socket.emit (node:domain:488:12)
    at emitErrorNT (node:internal/streams/destroy:151:8)
    at emitErrorCloseNT (node:internal/streams/destroy:116:3)
    at process.processTicksAndRejections (node:internal/process/task_queues:82:21)
[error] 
[error] Error: An unexpected error has occurred.
[debug] [2024-05-09T15:40:09.532Z] ----------------------------------------------------------------------
[debug] [2024-05-09T15:40:09.538Z] Command:       C:\Program Files\nodejs\node.exe C:\Users\julie\AppData\Roaming\npm\node_modules\firebase-tools\lib\bin\firebase.js deploy --only functions
[debug] [2024-05-09T15:40:09.539Z] CLI Version:   13.8.1
[debug] [2024-05-09T15:40:09.539Z] Platform:      win32
[debug] [2024-05-09T15:40:09.540Z] Node Version:  v20.10.0
[debug] [2024-05-09T15:40:09.540Z] Time:          Thu May 09 2024 17:40:09 GMT+0200 (heure d’été d’Europe centrale)
[debug] [2024-05-09T15:40:09.540Z] ----------------------------------------------------------------------
[debug] 
[debug] [2024-05-09T15:40:09.706Z] > command requires scopes: ["email","openid","https://www.googleapis.com/auth/cloudplatformprojects.readonly","https://www.googleapis.com/auth/firebase","https://www.googleapis.com/auth/cloud-platform"]
[debug] [2024-05-09T15:40:09.706Z] > authorizing via signed-in user (juliengrange.dev@gmail.com)
[debug] [2024-05-09T15:40:09.707Z] [iam] checking project picturescope-api for permissions ["cloudfunctions.functions.create","cloudfunctions.functions.delete","cloudfunctions.functions.get","cloudfunctions.functions.list","cloudfunctions.functions.update","cloudfunctions.operations.get","firebase.projects.get"]
[debug] [2024-05-09T15:40:09.713Z] >>> [apiv2][query] POST https://cloudresourcemanager.googleapis.com/v1/projects/picturescope-api:testIamPermissions [none]
[debug] [2024-05-09T15:40:09.713Z] >>> [apiv2][(partial)header] POST https://cloudresourcemanager.googleapis.com/v1/projects/picturescope-api:testIamPermissions x-goog-quota-user=projects/picturescope-api
[debug] [2024-05-09T15:40:09.714Z] >>> [apiv2][body] POST https://cloudresourcemanager.googleapis.com/v1/projects/picturescope-api:testIamPermissions {"permissions":["cloudfunctions.functions.create","cloudfunctions.functions.delete","cloudfunctions.functions.get","cloudfunctions.functions.list","cloudfunctions.functions.update","cloudfunctions.operations.get","firebase.projects.get"]}
[debug] [2024-05-09T15:40:10.457Z] <<< [apiv2][status] POST https://cloudresourcemanager.googleapis.com/v1/projects/picturescope-api:testIamPermissions 200
[debug] [2024-05-09T15:40:10.457Z] <<< [apiv2][body] POST https://cloudresourcemanager.googleapis.com/v1/projects/picturescope-api:testIamPermissions {"permissions":["cloudfunctions.functions.create","cloudfunctions.functions.delete","cloudfunctions.functions.get","cloudfunctions.functions.list","cloudfunctions.functions.update","cloudfunctions.operations.get","firebase.projects.get"]}
[debug] [2024-05-09T15:40:10.458Z] >>> [apiv2][query] POST https://iam.googleapis.com/v1/projects/picturescope-api/serviceAccounts/picturescope-api@appspot.gserviceaccount.com:testIamPermissions [none]
[debug] [2024-05-09T15:40:10.459Z] >>> [apiv2][body] POST https://iam.googleapis.com/v1/projects/picturescope-api/serviceAccounts/picturescope-api@appspot.gserviceaccount.com:testIamPermissions {"permissions":["iam.serviceAccounts.actAs"]}
[debug] [2024-05-09T15:40:11.083Z] <<< [apiv2][status] POST https://iam.googleapis.com/v1/projects/picturescope-api/serviceAccounts/picturescope-api@appspot.gserviceaccount.com:testIamPermissions 200
[debug] [2024-05-09T15:40:11.083Z] <<< [apiv2][body] POST https://iam.googleapis.com/v1/projects/picturescope-api/serviceAccounts/picturescope-api@appspot.gserviceaccount.com:testIamPermissions {"permissions":["iam.serviceAccounts.actAs"]}
[info] 
[info] === Deploying to 'picturescope-api'...
[info] 
[info] i  deploying functions 
[debug] [2024-05-09T15:40:11.088Z] >>> [apiv2][query] GET https://firebase.googleapis.com/v1beta1/projects/picturescope-api [none]
[debug] [2024-05-09T15:40:11.339Z] <<< [apiv2][status] GET https://firebase.googleapis.com/v1beta1/projects/picturescope-api 200
[debug] [2024-05-09T15:40:11.340Z] <<< [apiv2][body] GET https://firebase.googleapis.com/v1beta1/projects/picturescope-api {"projectId":"picturescope-api","projectNumber":"437267680366","displayName":"picturescope-api","name":"projects/picturescope-api","resources":{"hostingSite":"picturescope-api"},"state":"ACTIVE","etag":"1_9d7c3f97-a2b6-4139-b900-15a495f5bfee"}
[info] i  functions: preparing codebase default for deployment 
[info] i  functions: ensuring required API cloudfunctions.googleapis.com is enabled... 
[info] i  functions: ensuring required API cloudbuild.googleapis.com is enabled... 
[info] i  artifactregistry: ensuring required API artifactregistry.googleapis.com is enabled... 
[debug] [2024-05-09T15:40:11.347Z] >>> [apiv2][query] GET https://serviceusage.googleapis.com/v1/projects/picturescope-api/services/cloudfunctions.googleapis.com [none]
[debug] [2024-05-09T15:40:11.347Z] >>> [apiv2][(partial)header] GET https://serviceusage.googleapis.com/v1/projects/picturescope-api/services/cloudfunctions.googleapis.com x-goog-quota-user=projects/picturescope-api
[debug] [2024-05-09T15:40:11.350Z] >>> [apiv2][query] GET https://serviceusage.googleapis.com/v1/projects/picturescope-api/services/runtimeconfig.googleapis.com [none]
[debug] [2024-05-09T15:40:11.350Z] >>> [apiv2][(partial)header] GET https://serviceusage.googleapis.com/v1/projects/picturescope-api/services/runtimeconfig.googleapis.com x-goog-quota-user=projects/picturescope-api
[debug] [2024-05-09T15:40:11.352Z] >>> [apiv2][query] GET https://serviceusage.googleapis.com/v1/projects/picturescope-api/services/cloudbuild.googleapis.com [none]
[debug] [2024-05-09T15:40:11.352Z] >>> [apiv2][(partial)header] GET https://serviceusage.googleapis.com/v1/projects/picturescope-api/services/cloudbuild.googleapis.com x-goog-quota-user=projects/picturescope-api
[debug] [2024-05-09T15:40:11.355Z] >>> [apiv2][query] GET https://serviceusage.googleapis.com/v1/projects/picturescope-api/services/artifactregistry.googleapis.com [none]
[debug] [2024-05-09T15:40:11.355Z] >>> [apiv2][(partial)header] GET https://serviceusage.googleapis.com/v1/projects/picturescope-api/services/artifactregistry.googleapis.com x-goog-quota-user=projects/picturescope-api
[debug] [2024-05-09T15:40:12.202Z] <<< [apiv2][status] GET https://serviceusage.googleapis.com/v1/projects/picturescope-api/services/cloudbuild.googleapis.com 200
[debug] [2024-05-09T15:40:12.202Z] <<< [apiv2][body] GET https://serviceusage.googleapis.com/v1/projects/picturescope-api/services/cloudbuild.googleapis.com [omitted]
[info] +  functions: required API cloudbuild.googleapis.com is enabled 
[debug] [2024-05-09T15:40:12.240Z] <<< [apiv2][status] GET https://serviceusage.googleapis.com/v1/projects/picturescope-api/services/runtimeconfig.googleapis.com 200
[debug] [2024-05-09T15:40:12.241Z] <<< [apiv2][body] GET https://serviceusage.googleapis.com/v1/projects/picturescope-api/services/runtimeconfig.googleapis.com [omitted]
[debug] [2024-05-09T15:40:12.250Z] <<< [apiv2][status] GET https://serviceusage.googleapis.com/v1/projects/picturescope-api/services/artifactregistry.googleapis.com 200
[debug] [2024-05-09T15:40:12.251Z] <<< [apiv2][body] GET https://serviceusage.googleapis.com/v1/projects/picturescope-api/services/artifactregistry.googleapis.com [omitted]
[info] +  artifactregistry: required API artifactregistry.googleapis.com is enabled 
[debug] [2024-05-09T15:40:12.255Z] <<< [apiv2][status] GET https://serviceusage.googleapis.com/v1/projects/picturescope-api/services/cloudfunctions.googleapis.com 200
[debug] [2024-05-09T15:40:12.256Z] <<< [apiv2][body] GET https://serviceusage.googleapis.com/v1/projects/picturescope-api/services/cloudfunctions.googleapis.com [omitted]
[info] +  functions: required API cloudfunctions.googleapis.com is enabled 
[debug] [2024-05-09T15:40:12.257Z] >>> [apiv2][query] GET https://firebase.googleapis.com/v1beta1/projects/picturescope-api/adminSdkConfig [none]
[debug] [2024-05-09T15:40:12.439Z] <<< [apiv2][status] GET https://firebase.googleapis.com/v1beta1/projects/picturescope-api/adminSdkConfig 200
[debug] [2024-05-09T15:40:12.439Z] <<< [apiv2][body] GET https://firebase.googleapis.com/v1beta1/projects/picturescope-api/adminSdkConfig {"projectId":"picturescope-api","storageBucket":"picturescope-api.appspot.com"}
[debug] [2024-05-09T15:40:12.440Z] >>> [apiv2][query] GET https://runtimeconfig.googleapis.com/v1beta1/projects/picturescope-api/configs [none]
[debug] [2024-05-09T15:40:12.634Z] <<< [apiv2][status] GET https://runtimeconfig.googleapis.com/v1beta1/projects/picturescope-api/configs 200
[debug] [2024-05-09T15:40:12.635Z] <<< [apiv2][body] GET https://runtimeconfig.googleapis.com/v1beta1/projects/picturescope-api/configs {}
[debug] [2024-05-09T15:40:12.637Z] Validating nodejs source
[debug] [2024-05-09T15:40:14.921Z] > [functions] package.json contents: {
  "name": "picturescope-api",
  "version": "0.0.0",
  "private": true,
  "main": "index.js",
  "scripts": {
    "start": "node ./index.js",
    "devstart": "nodemon ./index.js",
    "deploy": "firebase deploy --only functions:api"
  },
  "dependencies": {
    "cookie-parser": "~1.4.4",
    "cors": "^2.8.5",
    "debug": "~2.6.9",
    "express": "~4.16.1",
    "firebase": "^10.11.1",
    "firebase-functions": "^5.0.1",
    "http-errors": "~1.6.3",
    "morgan": "~1.9.1",
    "pug": "2.0.0-beta11",
    "uuid": "^8.3.2"
  },
  "devDependencies": {
    "nodemon": "^2.0.7"
  },
  "engines": {
    "node": "18"
  }
}
[debug] [2024-05-09T15:40:14.921Z] Building nodejs source
[info] i  functions: Loading and analyzing source code for codebase default to determine what to deploy 
[debug] [2024-05-09T15:40:14.923Z] Could not find functions.yaml. Must use http discovery
[debug] [2024-05-09T15:40:14.942Z] Found firebase-functions binary at 'C:\Users\Public\Documents\Bascule\Mes_codes\Portfolio\picturescope_API\functions\node_modules\.bin\firebase-functions'
[info] Serving at port 8006

[error] Port 8006 is already in use

[debug] [2024-05-09T15:40:16.482Z] Failed to call quitquitquit. This often means the server failed to start request to http://localhost:8006/__/quitquitquit failed, reason:  {"message":"request to http://localhost:8006/__/quitquitquit failed, reason: ","type":"system","errno":"ECONNREFUSED","code":"ECONNREFUSED"}
[debug] [2024-05-09T15:40:16.570Z] FetchError: request to http://127.0.0.1:8006/__/functions.yaml failed, reason: read ECONNRESET
    at ClientRequest.<anonymous> (C:\Users\julie\AppData\Roaming\npm\node_modules\firebase-tools\node_modules\node-fetch\lib\index.js:1501:11)
    at ClientRequest.emit (node:events:514:28)
    at ClientRequest.emit (node:domain:488:12)
    at Socket.socketErrorListener (node:_http_client:495:9)
    at Socket.emit (node:events:514:28)
    at Socket.emit (node:domain:488:12)
    at emitErrorNT (node:internal/streams/destroy:151:8)
    at emitErrorCloseNT (node:internal/streams/destroy:116:3)
    at process.processTicksAndRejections (node:internal/process/task_queues:82:21)
[error] 
[error] Error: An unexpected error has occurred.
[debug] [2024-05-09T15:41:24.254Z] ----------------------------------------------------------------------
[debug] [2024-05-09T15:41:24.258Z] Command:       C:\Program Files\nodejs\node.exe C:\Users\julie\AppData\Roaming\npm\node_modules\firebase-tools\lib\bin\firebase.js deploy --only functions
[debug] [2024-05-09T15:41:24.258Z] CLI Version:   13.8.1
[debug] [2024-05-09T15:41:24.259Z] Platform:      win32
[debug] [2024-05-09T15:41:24.259Z] Node Version:  v20.10.0
[debug] [2024-05-09T15:41:24.259Z] Time:          Thu May 09 2024 17:41:24 GMT+0200 (heure d’été d’Europe centrale)
[debug] [2024-05-09T15:41:24.259Z] ----------------------------------------------------------------------
[debug] 
[debug] [2024-05-09T15:41:24.364Z] > command requires scopes: ["email","openid","https://www.googleapis.com/auth/cloudplatformprojects.readonly","https://www.googleapis.com/auth/firebase","https://www.googleapis.com/auth/cloud-platform"]
[debug] [2024-05-09T15:41:24.364Z] > authorizing via signed-in user (juliengrange.dev@gmail.com)
[debug] [2024-05-09T15:41:24.365Z] [iam] checking project picturescope-api for permissions ["cloudfunctions.functions.create","cloudfunctions.functions.delete","cloudfunctions.functions.get","cloudfunctions.functions.list","cloudfunctions.functions.update","cloudfunctions.operations.get","firebase.projects.get"]
[debug] [2024-05-09T15:41:24.368Z] >>> [apiv2][query] POST https://cloudresourcemanager.googleapis.com/v1/projects/picturescope-api:testIamPermissions [none]
[debug] [2024-05-09T15:41:24.369Z] >>> [apiv2][(partial)header] POST https://cloudresourcemanager.googleapis.com/v1/projects/picturescope-api:testIamPermissions x-goog-quota-user=projects/picturescope-api
[debug] [2024-05-09T15:41:24.369Z] >>> [apiv2][body] POST https://cloudresourcemanager.googleapis.com/v1/projects/picturescope-api:testIamPermissions {"permissions":["cloudfunctions.functions.create","cloudfunctions.functions.delete","cloudfunctions.functions.get","cloudfunctions.functions.list","cloudfunctions.functions.update","cloudfunctions.operations.get","firebase.projects.get"]}
[debug] [2024-05-09T15:41:25.087Z] <<< [apiv2][status] POST https://cloudresourcemanager.googleapis.com/v1/projects/picturescope-api:testIamPermissions 200
[debug] [2024-05-09T15:41:25.087Z] <<< [apiv2][body] POST https://cloudresourcemanager.googleapis.com/v1/projects/picturescope-api:testIamPermissions {"permissions":["cloudfunctions.functions.create","cloudfunctions.functions.delete","cloudfunctions.functions.get","cloudfunctions.functions.list","cloudfunctions.functions.update","cloudfunctions.operations.get","firebase.projects.get"]}
[debug] [2024-05-09T15:41:25.088Z] >>> [apiv2][query] POST https://iam.googleapis.com/v1/projects/picturescope-api/serviceAccounts/picturescope-api@appspot.gserviceaccount.com:testIamPermissions [none]
[debug] [2024-05-09T15:41:25.088Z] >>> [apiv2][body] POST https://iam.googleapis.com/v1/projects/picturescope-api/serviceAccounts/picturescope-api@appspot.gserviceaccount.com:testIamPermissions {"permissions":["iam.serviceAccounts.actAs"]}
[debug] [2024-05-09T15:41:25.716Z] <<< [apiv2][status] POST https://iam.googleapis.com/v1/projects/picturescope-api/serviceAccounts/picturescope-api@appspot.gserviceaccount.com:testIamPermissions 200
[debug] [2024-05-09T15:41:25.716Z] <<< [apiv2][body] POST https://iam.googleapis.com/v1/projects/picturescope-api/serviceAccounts/picturescope-api@appspot.gserviceaccount.com:testIamPermissions {"permissions":["iam.serviceAccounts.actAs"]}
[info] 
[info] === Deploying to 'picturescope-api'...
[info] 
[info] i  deploying functions 
[debug] [2024-05-09T15:41:25.723Z] >>> [apiv2][query] GET https://firebase.googleapis.com/v1beta1/projects/picturescope-api [none]
[debug] [2024-05-09T15:41:25.958Z] <<< [apiv2][status] GET https://firebase.googleapis.com/v1beta1/projects/picturescope-api 200
[debug] [2024-05-09T15:41:25.959Z] <<< [apiv2][body] GET https://firebase.googleapis.com/v1beta1/projects/picturescope-api {"projectId":"picturescope-api","projectNumber":"437267680366","displayName":"picturescope-api","name":"projects/picturescope-api","resources":{"hostingSite":"picturescope-api"},"state":"ACTIVE","etag":"1_9d7c3f97-a2b6-4139-b900-15a495f5bfee"}
[info] i  functions: preparing codebase default for deployment 
[info] i  functions: ensuring required API cloudfunctions.googleapis.com is enabled... 
[info] i  functions: ensuring required API cloudbuild.googleapis.com is enabled... 
[info] i  artifactregistry: ensuring required API artifactregistry.googleapis.com is enabled... 
[debug] [2024-05-09T15:41:25.962Z] >>> [apiv2][query] GET https://serviceusage.googleapis.com/v1/projects/picturescope-api/services/cloudfunctions.googleapis.com [none]
[debug] [2024-05-09T15:41:25.962Z] >>> [apiv2][(partial)header] GET https://serviceusage.googleapis.com/v1/projects/picturescope-api/services/cloudfunctions.googleapis.com x-goog-quota-user=projects/picturescope-api
[debug] [2024-05-09T15:41:25.964Z] >>> [apiv2][query] GET https://serviceusage.googleapis.com/v1/projects/picturescope-api/services/runtimeconfig.googleapis.com [none]
[debug] [2024-05-09T15:41:25.964Z] >>> [apiv2][(partial)header] GET https://serviceusage.googleapis.com/v1/projects/picturescope-api/services/runtimeconfig.googleapis.com x-goog-quota-user=projects/picturescope-api
[debug] [2024-05-09T15:41:25.966Z] >>> [apiv2][query] GET https://serviceusage.googleapis.com/v1/projects/picturescope-api/services/cloudbuild.googleapis.com [none]
[debug] [2024-05-09T15:41:25.966Z] >>> [apiv2][(partial)header] GET https://serviceusage.googleapis.com/v1/projects/picturescope-api/services/cloudbuild.googleapis.com x-goog-quota-user=projects/picturescope-api
[debug] [2024-05-09T15:41:25.969Z] >>> [apiv2][query] GET https://serviceusage.googleapis.com/v1/projects/picturescope-api/services/artifactregistry.googleapis.com [none]
[debug] [2024-05-09T15:41:25.969Z] >>> [apiv2][(partial)header] GET https://serviceusage.googleapis.com/v1/projects/picturescope-api/services/artifactregistry.googleapis.com x-goog-quota-user=projects/picturescope-api
[debug] [2024-05-09T15:41:26.859Z] <<< [apiv2][status] GET https://serviceusage.googleapis.com/v1/projects/picturescope-api/services/cloudfunctions.googleapis.com 200
[debug] [2024-05-09T15:41:26.859Z] <<< [apiv2][body] GET https://serviceusage.googleapis.com/v1/projects/picturescope-api/services/cloudfunctions.googleapis.com [omitted]
[info] +  functions: required API cloudfunctions.googleapis.com is enabled 
[debug] [2024-05-09T15:41:26.861Z] <<< [apiv2][status] GET https://serviceusage.googleapis.com/v1/projects/picturescope-api/services/runtimeconfig.googleapis.com 200
[debug] [2024-05-09T15:41:26.861Z] <<< [apiv2][body] GET https://serviceusage.googleapis.com/v1/projects/picturescope-api/services/runtimeconfig.googleapis.com [omitted]
[debug] [2024-05-09T15:41:26.866Z] <<< [apiv2][status] GET https://serviceusage.googleapis.com/v1/projects/picturescope-api/services/cloudbuild.googleapis.com 200
[debug] [2024-05-09T15:41:26.866Z] <<< [apiv2][body] GET https://serviceusage.googleapis.com/v1/projects/picturescope-api/services/cloudbuild.googleapis.com [omitted]
[info] +  functions: required API cloudbuild.googleapis.com is enabled 
[debug] [2024-05-09T15:41:26.872Z] <<< [apiv2][status] GET https://serviceusage.googleapis.com/v1/projects/picturescope-api/services/artifactregistry.googleapis.com 200
[debug] [2024-05-09T15:41:26.873Z] <<< [apiv2][body] GET https://serviceusage.googleapis.com/v1/projects/picturescope-api/services/artifactregistry.googleapis.com [omitted]
[info] +  artifactregistry: required API artifactregistry.googleapis.com is enabled 
[debug] [2024-05-09T15:41:26.874Z] >>> [apiv2][query] GET https://firebase.googleapis.com/v1beta1/projects/picturescope-api/adminSdkConfig [none]
[debug] [2024-05-09T15:41:27.063Z] <<< [apiv2][status] GET https://firebase.googleapis.com/v1beta1/projects/picturescope-api/adminSdkConfig 200
[debug] [2024-05-09T15:41:27.063Z] <<< [apiv2][body] GET https://firebase.googleapis.com/v1beta1/projects/picturescope-api/adminSdkConfig {"projectId":"picturescope-api","storageBucket":"picturescope-api.appspot.com"}
[debug] [2024-05-09T15:41:27.063Z] >>> [apiv2][query] GET https://runtimeconfig.googleapis.com/v1beta1/projects/picturescope-api/configs [none]
[debug] [2024-05-09T15:41:27.244Z] <<< [apiv2][status] GET https://runtimeconfig.googleapis.com/v1beta1/projects/picturescope-api/configs 200
[debug] [2024-05-09T15:41:27.245Z] <<< [apiv2][body] GET https://runtimeconfig.googleapis.com/v1beta1/projects/picturescope-api/configs {}
[debug] [2024-05-09T15:41:27.246Z] Validating nodejs source
[debug] [2024-05-09T15:41:29.646Z] > [functions] package.json contents: {
  "name": "picturescope-api",
  "version": "0.0.0",
  "private": true,
  "main": "index.js",
  "scripts": {
    "start": "node ./index.js",
    "devstart": "nodemon ./index.js",
    "deploy": "firebase deploy --only functions:api"
  },
  "dependencies": {
    "cookie-parser": "~1.4.4",
    "cors": "^2.8.5",
    "debug": "~2.6.9",
    "express": "~4.16.1",
    "firebase": "^10.11.1",
    "firebase-functions": "^5.0.1",
    "http-errors": "~1.6.3",
    "morgan": "~1.9.1",
    "pug": "2.0.0-beta11",
    "uuid": "^8.3.2"
  },
  "devDependencies": {
    "nodemon": "^2.0.7"
  },
  "engines": {
    "node": "18"
  }
}
[debug] [2024-05-09T15:41:29.647Z] Building nodejs source
[info] i  functions: Loading and analyzing source code for codebase default to determine what to deploy 
[debug] [2024-05-09T15:41:29.649Z] Could not find functions.yaml. Must use http discovery
[debug] [2024-05-09T15:41:29.669Z] Found firebase-functions binary at 'C:\Users\Public\Documents\Bascule\Mes_codes\Portfolio\picturescope_API\functions\node_modules\.bin\firebase-functions'
[info] Serving at port 8633

[error] Port 8633 is already in use

[debug] [2024-05-09T15:41:31.060Z] Failed to call quitquitquit. This often means the server failed to start request to http://localhost:8633/__/quitquitquit failed, reason:  {"message":"request to http://localhost:8633/__/quitquitquit failed, reason: ","type":"system","errno":"ECONNREFUSED","code":"ECONNREFUSED"}
[debug] [2024-05-09T15:41:31.142Z] FetchError: request to http://127.0.0.1:8633/__/functions.yaml failed, reason: read ECONNRESET
    at ClientRequest.<anonymous> (C:\Users\julie\AppData\Roaming\npm\node_modules\firebase-tools\node_modules\node-fetch\lib\index.js:1501:11)
    at ClientRequest.emit (node:events:514:28)
    at ClientRequest.emit (node:domain:488:12)
    at Socket.socketErrorListener (node:_http_client:495:9)
    at Socket.emit (node:events:514:28)
    at Socket.emit (node:domain:488:12)
    at emitErrorNT (node:internal/streams/destroy:151:8)
    at emitErrorCloseNT (node:internal/streams/destroy:116:3)
    at process.processTicksAndRejections (node:internal/process/task_queues:82:21)
[error] 
[error] Error: An unexpected error has occurred.
